{"name": "test_add[0.1-0.2-0.3]", "status": "failed", "statusDetails": {"message": "AssertionError: assert 0.3 == 0.30000000000000004", "trace": "self = <testing.test_calc.TestCalc object at 0x03A15F50>, v1 = 0.1, v2 = 0.2, v3 = 0.3\n\n    @pytest.mark.parametrize(\"v1, v2, v3\", yaml.safe_load(open(\"../data/add.yml\")))\n    def test_add(self, v1, v2, v3):\n        print(v1, v2, v3)\n        try:\n            result = self.calc.add(v1, v2)\n        except TypeError as e:\n            result = \"TypeError\"\n        print(result)\n>       assert v3 == result\nE       assert 0.3 == 0.30000000000000004\n\ntest_calc.py:28: AssertionError"}, "attachments": [{"name": "stdout", "source": "c1195d43-434d-4881-90fa-4e64e247ea6a-attachment.txt", "type": "text/plain"}], "parameters": [{"name": "v1", "value": "0.1"}, {"name": "v2", "value": "0.2"}, {"name": "v3", "value": "0.3"}], "start": 1589088222155, "stop": 1589088222156, "uuid": "d73c2eba-eec7-451b-a274-1674ed0f1441", "historyId": "96ac62aa5dfece36e6b8f7216ba5aa5a", "testCaseId": "a7b29b08300809261dc069b49da8543b", "fullName": "test_calc.TestCalc#test_add", "labels": [{"name": "suite", "value": "test_calc"}, {"name": "subSuite", "value": "TestCalc"}, {"name": "host", "value": "DESKTOP-EB9QVEI"}, {"name": "thread", "value": "15480-MainThread"}, {"name": "framework", "value": "pytest"}, {"name": "language", "value": "cpython3"}, {"name": "package", "value": "test_calc"}]}